[1] "Stat-V-PK1"

	One Sample t-test

data:  td$P0
t = 24.01, df = 3, p-value = 0.0001583
alternative hypothesis: true mean is not equal to 0
95 percent confidence interval:
  9.935781 12.972219
sample estimates:
mean of x 
   11.454 

[1] "P0 = 11.454000 +- 1.518219 [9.935781 12.972219]"

	One Sample t-test

data:  td$k
t = 31.316, df = 3, p-value = 7.155e-05
alternative hypothesis: true mean is not equal to 0
95 percent confidence interval:
 0.07744453 0.09496547
sample estimates:
mean of x 
 0.086205 

[1] "k = 0.086205 +- 0.008760 [0.077445 0.094965]"

	One Sample t-test

data:  td$dH
t = 30.374, df = 3, p-value = 7.839e-05
alternative hypothesis: true mean is not equal to 0
95 percent confidence interval:
 214.2276 264.3724
sample estimates:
mean of x 
    239.3 

[1] "dH = 239.300000 +- 25.072413 [214.227587 264.372413]"

	One Sample t-test

data:  td$C0
t = 19.138, df = 3, p-value = 0.0003116
alternative hypothesis: true mean is not equal to 0
95 percent confidence interval:
 1.49442e-05 2.09058e-05
sample estimates:
 mean of x 
1.7925e-05 

[1] "C0 = 0.000018 +- 0.000003 [0.000015 0.000021]"
null device 
          1 
